{"lib\\testModel.js":{"path":"lib\\testModel.js","s":{"1":1,"2":1,"3":1,"4":1,"5":2,"6":1,"7":2},"b":{},"f":{"1":2,"2":2},"fnMap":{"1":{"name":"(anonymous_1)","line":11,"loc":{"start":{"line":11,"column":28},"end":{"line":11,"column":42}}},"2":{"name":"(anonymous_2)","line":19,"loc":{"start":{"line":19,"column":29},"end":{"line":19,"column":43}}}},"statementMap":{"1":{"start":{"line":3,"column":0},"end":{"line":3,"column":36}},"2":{"start":{"line":4,"column":0},"end":{"line":4,"column":39}},"3":{"start":{"line":5,"column":0},"end":{"line":5,"column":41}},"4":{"start":{"line":11,"column":0},"end":{"line":13,"column":2}},"5":{"start":{"line":12,"column":1},"end":{"line":12,"column":27}},"6":{"start":{"line":19,"column":0},"end":{"line":21,"column":2}},"7":{"start":{"line":20,"column":1},"end":{"line":20,"column":28}}},"branchMap":{}},"lib\\syncModel\\index.js":{"path":"lib\\syncModel\\index.js","s":{"1":1,"2":1,"3":2,"4":1,"5":1,"6":1,"7":2,"8":1,"9":1,"10":1},"b":{"1":[1,1]},"f":{"1":2,"2":1,"3":2},"fnMap":{"1":{"name":"syncModel","line":5,"loc":{"start":{"line":5,"column":0},"end":{"line":5,"column":24}}},"2":{"name":"(anonymous_2)","line":9,"loc":{"start":{"line":9,"column":36},"end":{"line":9,"column":47}}},"3":{"name":"initConfig","line":13,"loc":{"start":{"line":13,"column":0},"end":{"line":13,"column":25}}}},"statementMap":{"1":{"start":{"line":3,"column":0},"end":{"line":3,"column":27}},"2":{"start":{"line":5,"column":0},"end":{"line":7,"column":1}},"3":{"start":{"line":6,"column":1},"end":{"line":6,"column":28}},"4":{"start":{"line":9,"column":0},"end":{"line":11,"column":2}},"5":{"start":{"line":10,"column":1},"end":{"line":10,"column":17}},"6":{"start":{"line":13,"column":0},"end":{"line":20,"column":1}},"7":{"start":{"line":15,"column":1},"end":{"line":17,"column":2}},"8":{"start":{"line":16,"column":2},"end":{"line":16,"column":38}},"9":{"start":{"line":19,"column":1},"end":{"line":19,"column":12}},"10":{"start":{"line":22,"column":0},"end":{"line":22,"column":27}}},"branchMap":{"1":{"line":15,"type":"if","locations":[{"start":{"line":15,"column":1},"end":{"line":15,"column":1}},{"start":{"line":15,"column":1},"end":{"line":15,"column":1}}]}}},"lib\\asyncModel\\index.js":{"path":"lib\\asyncModel\\index.js","s":{"1":1,"2":1,"3":1,"4":2,"5":2,"6":1,"7":1,"8":1,"9":1,"10":1,"11":1,"12":2,"13":1,"14":1,"15":1},"b":{"1":[1,1]},"f":{"1":2,"2":1,"3":1,"4":2},"fnMap":{"1":{"name":"SyncModel","line":6,"loc":{"start":{"line":6,"column":0},"end":{"line":6,"column":24}}},"2":{"name":"(anonymous_2)","line":13,"loc":{"start":{"line":13,"column":37},"end":{"line":13,"column":48}}},"3":{"name":"(anonymous_3)","line":17,"loc":{"start":{"line":17,"column":40},"end":{"line":17,"column":59}}},"4":{"name":"initConfig","line":21,"loc":{"start":{"line":21,"column":0},"end":{"line":21,"column":25}}}},"statementMap":{"1":{"start":{"line":3,"column":0},"end":{"line":3,"column":50}},"2":{"start":{"line":4,"column":0},"end":{"line":4,"column":27}},"3":{"start":{"line":6,"column":0},"end":{"line":9,"column":1}},"4":{"start":{"line":7,"column":1},"end":{"line":7,"column":25}},"5":{"start":{"line":8,"column":1},"end":{"line":8,"column":28}},"6":{"start":{"line":11,"column":0},"end":{"line":11,"column":39}},"7":{"start":{"line":13,"column":0},"end":{"line":15,"column":2}},"8":{"start":{"line":14,"column":1},"end":{"line":14,"column":35}},"9":{"start":{"line":17,"column":0},"end":{"line":19,"column":2}},"10":{"start":{"line":18,"column":1},"end":{"line":18,"column":20}},"11":{"start":{"line":21,"column":0},"end":{"line":27,"column":1}},"12":{"start":{"line":22,"column":1},"end":{"line":24,"column":2}},"13":{"start":{"line":23,"column":2},"end":{"line":23,"column":38}},"14":{"start":{"line":26,"column":1},"end":{"line":26,"column":12}},"15":{"start":{"line":29,"column":0},"end":{"line":29,"column":27}}},"branchMap":{"1":{"line":22,"type":"if","locations":[{"start":{"line":22,"column":1},"end":{"line":22,"column":1}},{"start":{"line":22,"column":1},"end":{"line":22,"column":1}}]}}}}