TN:
SF:lib\testModel.js
FN:11,(anonymous_1)
FN:19,(anonymous_2)
FNF:2
FNH:2
FNDA:2,(anonymous_1)
FNDA:2,(anonymous_2)
DA:3,1
DA:4,1
DA:5,1
DA:11,1
DA:12,2
DA:19,1
DA:20,2
LF:7
LH:7
BRF:0
BRH:0
end_of_record
TN:
SF:lib\syncModel\index.js
FN:5,syncModel
FN:9,(anonymous_2)
FN:13,initConfig
FNF:3
FNH:3
FNDA:2,syncModel
FNDA:1,(anonymous_2)
FNDA:2,initConfig
DA:3,1
DA:5,1
DA:6,2
DA:9,1
DA:10,1
DA:13,1
DA:15,2
DA:16,1
DA:19,1
DA:22,1
LF:10
LH:10
BRDA:15,1,0,1
BRDA:15,1,1,1
BRF:2
BRH:2
end_of_record
TN:
SF:lib\asyncModel\index.js
FN:6,SyncModel
FN:13,(anonymous_2)
FN:17,(anonymous_3)
FN:21,initConfig
FNF:4
FNH:4
FNDA:2,SyncModel
FNDA:1,(anonymous_2)
FNDA:1,(anonymous_3)
FNDA:2,initConfig
DA:3,1
DA:4,1
DA:6,1
DA:7,2
DA:8,2
DA:11,1
DA:13,1
DA:14,1
DA:17,1
DA:18,1
DA:21,1
DA:22,2
DA:23,1
DA:26,1
DA:29,1
LF:15
LH:15
BRDA:22,1,0,1
BRDA:22,1,1,1
BRF:2
BRH:2
end_of_record
